2019-08-06 09:35:28,388 - app - INFO - config : {'author': 'kroos.chen', 'build_model': {'save_model': True, 'model_location': './ckpt/', 'time_step': 29, 'batch_size': 32, 'epochs': 1, 'num_classes': 1, 'num_feature': 1, 'learning_rate': 0.001, 'lstm_layers': [{'num_units': 256, 'keep_prob': 1}]}}
2019-08-06 09:35:30,193 - app - INFO - data.head(5) :     0         1         2         3         4         5         6   ...        24        25        26        27        28      29  30
0  0.0 -1.359807 -0.072781  2.536347  1.378155 -0.338321  0.462388  ...  0.066928  0.128539 -0.189115  0.133558 -0.021053  149.62   0
1  0.0  1.191857  0.266151  0.166480  0.448154  0.060018 -0.082361  ... -0.339846  0.167170  0.125895 -0.008983  0.014724    2.69   0
2  1.0 -1.358354 -1.340163  1.773209  0.379780 -0.503198  1.800499  ... -0.689281 -0.327642 -0.139097 -0.055353 -0.059752  378.66   0
3  1.0 -0.966272 -0.185226  1.792993 -0.863291 -0.010309  1.247203  ... -1.175575  0.647376 -0.221929  0.062723  0.061458  123.50   0
4  2.0 -1.158233  0.877737  1.548718  0.403034 -0.407193  0.095921  ...  0.141267 -0.206010  0.502292  0.219422  0.215153   69.99   0

[5 rows x 31 columns]
2019-08-06 09:35:30,700 - app.lstm_model - INFO - build model success
2019-08-06 09:35:34,237 - app - INFO - Epoch0 loss is 2.7748256700962326
2019-08-06 09:35:35,048 - app - INFO - F1 Score: 0.4998999799959992
2019-08-06 09:35:35,048 - app - INFO - Accuracy Score: 0.9996
2019-08-06 09:35:35,049 - app - INFO - Recall: 0.0
2019-08-06 09:35:35,049 - app - INFO - Precision: 0.0
2019-08-06 09:35:35,049 - app - INFO - Area Under PR Curve(AP): 0.5002
2019-08-06 09:36:57,567 - app - INFO - config : {'author': 'kroos.chen', 'build_model': {'save_model': True, 'model_location': './ckpt/', 'time_step': 29, 'batch_size': 32, 'epochs': 1, 'num_classes': 1, 'num_feature': 1, 'learning_rate': 0.001, 'lstm_layers': [{'num_units': 256, 'keep_prob': 1}]}}
2019-08-06 09:36:59,427 - app - INFO - data.head(5) :     0         1         2         3         4         5         6   ...        24        25        26        27        28      29  30
0  0.0 -1.359807 -0.072781  2.536347  1.378155 -0.338321  0.462388  ...  0.066928  0.128539 -0.189115  0.133558 -0.021053  149.62   0
1  0.0  1.191857  0.266151  0.166480  0.448154  0.060018 -0.082361  ... -0.339846  0.167170  0.125895 -0.008983  0.014724    2.69   0
2  1.0 -1.358354 -1.340163  1.773209  0.379780 -0.503198  1.800499  ... -0.689281 -0.327642 -0.139097 -0.055353 -0.059752  378.66   0
3  1.0 -0.966272 -0.185226  1.792993 -0.863291 -0.010309  1.247203  ... -1.175575  0.647376 -0.221929  0.062723  0.061458  123.50   0
4  2.0 -1.158233  0.877737  1.548718  0.403034 -0.407193  0.095921  ...  0.141267 -0.206010  0.502292  0.219422  0.215153   69.99   0

[5 rows x 31 columns]
2019-08-06 09:36:59,951 - app.lstm_model - INFO - build model success
2019-08-06 09:37:03,660 - app - INFO - Epoch0 loss is 2.422597755357856
2019-08-06 09:37:04,479 - app - INFO - F1 Score: 0.4998999799959992
2019-08-06 09:37:04,479 - app - INFO - Accuracy Score: 0.9996
2019-08-06 09:37:04,479 - app - INFO - Recall: 0.0
2019-08-06 09:37:04,479 - app - INFO - Precision: 0.0
2019-08-06 09:37:04,479 - app - INFO - Area Under PR Curve(AP): 0.5002
2019-08-06 09:37:56,758 - app - INFO - config : {'author': 'kroos.chen', 'build_model': {'save_model': True, 'model_location': './ckpt/', 'time_step': 29, 'batch_size': 32, 'epochs': 1, 'num_classes': 1, 'num_feature': 1, 'learning_rate': 0.001, 'lstm_layers': [{'num_units': 256, 'keep_prob': 1}]}}
2019-08-06 09:37:58,783 - app - INFO - data.head(5) :     0         1         2         3         4         5         6   ...        24        25        26        27        28      29  30
0  0.0 -1.359807 -0.072781  2.536347  1.378155 -0.338321  0.462388  ...  0.066928  0.128539 -0.189115  0.133558 -0.021053  149.62   0
1  0.0  1.191857  0.266151  0.166480  0.448154  0.060018 -0.082361  ... -0.339846  0.167170  0.125895 -0.008983  0.014724    2.69   0
2  1.0 -1.358354 -1.340163  1.773209  0.379780 -0.503198  1.800499  ... -0.689281 -0.327642 -0.139097 -0.055353 -0.059752  378.66   0
3  1.0 -0.966272 -0.185226  1.792993 -0.863291 -0.010309  1.247203  ... -1.175575  0.647376 -0.221929  0.062723  0.061458  123.50   0
4  2.0 -1.158233  0.877737  1.548718  0.403034 -0.407193  0.095921  ...  0.141267 -0.206010  0.502292  0.219422  0.215153   69.99   0

[5 rows x 31 columns]
2019-08-06 09:37:59,323 - app.lstm_model - INFO - build model success
2019-08-06 09:38:02,696 - app - INFO - Epoch0 loss is 2.5999572580331005
2019-08-06 09:38:03,542 - app - INFO - F1 Score: 0.4998999799959992
2019-08-06 09:38:03,542 - app - INFO - Accuracy Score: 0.9996
2019-08-06 09:38:03,543 - app - INFO - Recall: 0.0
2019-08-06 09:38:03,543 - app - INFO - Precision: 0.0
2019-08-06 09:38:03,544 - app - INFO - Area Under PR Curve(AP): 0.5002
2019-08-06 09:38:03,548 - app - INFO - confusion_matrix: [[2499    0]
 [   1    0]]
2019-08-06 09:38:54,879 - app - INFO - config : {'author': 'kroos.chen', 'build_model': {'save_model': True, 'model_location': './ckpt/', 'time_step': 29, 'batch_size': 32, 'epochs': 1, 'num_classes': 1, 'num_feature': 1, 'learning_rate': 0.001, 'lstm_layers': [{'num_units': 256, 'keep_prob': 1}]}}
2019-08-06 09:38:56,737 - app - INFO - data.head(5) :     0         1         2         3         4         5         6   ...        24        25        26        27        28      29  30
0  0.0 -1.359807 -0.072781  2.536347  1.378155 -0.338321  0.462388  ...  0.066928  0.128539 -0.189115  0.133558 -0.021053  149.62   0
1  0.0  1.191857  0.266151  0.166480  0.448154  0.060018 -0.082361  ... -0.339846  0.167170  0.125895 -0.008983  0.014724    2.69   0
2  1.0 -1.358354 -1.340163  1.773209  0.379780 -0.503198  1.800499  ... -0.689281 -0.327642 -0.139097 -0.055353 -0.059752  378.66   0
3  1.0 -0.966272 -0.185226  1.792993 -0.863291 -0.010309  1.247203  ... -1.175575  0.647376 -0.221929  0.062723  0.061458  123.50   0
4  2.0 -1.158233  0.877737  1.548718  0.403034 -0.407193  0.095921  ...  0.141267 -0.206010  0.502292  0.219422  0.215153   69.99   0

[5 rows x 31 columns]
2019-08-06 09:38:57,270 - app.lstm_model - INFO - build model success
2019-08-06 09:39:00,788 - app - INFO - Epoch0 loss is 3.439467423573433
2019-08-06 09:39:01,588 - app - INFO - F1 Score: 0.4998999799959992
2019-08-06 09:39:01,589 - app - INFO - Accuracy Score: 0.9996
2019-08-06 09:39:01,589 - app - INFO - Recall: 0.0
2019-08-06 09:39:01,589 - app - INFO - Precision: 0.0
2019-08-06 09:39:01,589 - app - INFO - Area Under PR Curve(AP): 0.5002
2019-08-06 09:39:01,591 - app - INFO - confusion_matrix: [[2499    0]
 [   1    0]]
2019-08-06 09:45:20,431 - app - INFO - config : {'author': 'kroos.chen', 'build_model': {'save_model': True, 'model_location': './ckpt/', 'time_step': 29, 'batch_size': 32, 'epochs': 1, 'num_classes': 1, 'num_feature': 1, 'learning_rate': 0.001, 'lstm_layers': [{'num_units': 256, 'keep_prob': 1}]}}
2019-08-06 09:45:22,226 - app - INFO - data.head(5) :     0         1         2         3         4         5         6   ...        24        25        26        27        28      29  30
0  0.0 -1.359807 -0.072781  2.536347  1.378155 -0.338321  0.462388  ...  0.066928  0.128539 -0.189115  0.133558 -0.021053  149.62   0
1  0.0  1.191857  0.266151  0.166480  0.448154  0.060018 -0.082361  ... -0.339846  0.167170  0.125895 -0.008983  0.014724    2.69   0
2  1.0 -1.358354 -1.340163  1.773209  0.379780 -0.503198  1.800499  ... -0.689281 -0.327642 -0.139097 -0.055353 -0.059752  378.66   0
3  1.0 -0.966272 -0.185226  1.792993 -0.863291 -0.010309  1.247203  ... -1.175575  0.647376 -0.221929  0.062723  0.061458  123.50   0
4  2.0 -1.158233  0.877737  1.548718  0.403034 -0.407193  0.095921  ...  0.141267 -0.206010  0.502292  0.219422  0.215153   69.99   0

[5 rows x 31 columns]
2019-08-06 09:45:22,724 - app.lstm_model - INFO - build model success
2019-08-06 09:45:26,063 - app - INFO - Epoch0 loss is 3.05826450776658
2019-08-06 09:45:26,828 - app - INFO - F1 Score: 0.4998999799959992
2019-08-06 09:45:26,828 - app - INFO - Accuracy Score: 0.9996
2019-08-06 09:45:26,828 - app - INFO - Recall: 0.0
2019-08-06 09:45:26,828 - app - INFO - Precision: 0.0
2019-08-06 09:45:26,829 - app - INFO - Area Under PR Curve(AP): 0.5002
2019-08-06 09:45:26,831 - app - INFO - confusion_matrix: [[2499    0]
 [   1    0]]
2019-08-06 10:06:42,915 - app - INFO - config : {'author': 'kroos.chen', 'build_model': {'save_model': True, 'model_location': './ckpt/', 'time_step': 1, 'batch_size': 32, 'epochs': 1, 'num_classes': 1, 'num_feature': 29, 'learning_rate': 0.001, 'lstm_layers': [{'num_units': 256, 'keep_prob': 1}]}}
2019-08-06 10:06:44,780 - app - INFO - data.head(5) :     0         1         2         3         4         5         6   ...        24        25        26        27        28      29  30
0  0.0 -1.359807 -0.072781  2.536347  1.378155 -0.338321  0.462388  ...  0.066928  0.128539 -0.189115  0.133558 -0.021053  149.62   0
1  0.0  1.191857  0.266151  0.166480  0.448154  0.060018 -0.082361  ... -0.339846  0.167170  0.125895 -0.008983  0.014724    2.69   0
2  1.0 -1.358354 -1.340163  1.773209  0.379780 -0.503198  1.800499  ... -0.689281 -0.327642 -0.139097 -0.055353 -0.059752  378.66   0
3  1.0 -0.966272 -0.185226  1.792993 -0.863291 -0.010309  1.247203  ... -1.175575  0.647376 -0.221929  0.062723  0.061458  123.50   0
4  2.0 -1.158233  0.877737  1.548718  0.403034 -0.407193  0.095921  ...  0.141267 -0.206010  0.502292  0.219422  0.215153   69.99   0

[5 rows x 31 columns]
2019-08-06 10:06:45,338 - app.lstm_model - INFO - build model success
2019-08-06 10:07:46,625 - app - INFO - config : {'author': 'kroos.chen', 'build_model': {'save_model': True, 'model_location': './ckpt/', 'time_step': 1, 'batch_size': 32, 'epochs': 1, 'num_classes': 1, 'num_feature': 29, 'learning_rate': 0.001, 'lstm_layers': [{'num_units': 256, 'keep_prob': 1}]}}
2019-08-06 10:07:48,430 - app - INFO - data.head(5) :     0         1         2         3         4         5         6   ...        24        25        26        27        28      29  30
0  0.0 -1.359807 -0.072781  2.536347  1.378155 -0.338321  0.462388  ...  0.066928  0.128539 -0.189115  0.133558 -0.021053  149.62   0
1  0.0  1.191857  0.266151  0.166480  0.448154  0.060018 -0.082361  ... -0.339846  0.167170  0.125895 -0.008983  0.014724    2.69   0
2  1.0 -1.358354 -1.340163  1.773209  0.379780 -0.503198  1.800499  ... -0.689281 -0.327642 -0.139097 -0.055353 -0.059752  378.66   0
3  1.0 -0.966272 -0.185226  1.792993 -0.863291 -0.010309  1.247203  ... -1.175575  0.647376 -0.221929  0.062723  0.061458  123.50   0
4  2.0 -1.158233  0.877737  1.548718  0.403034 -0.407193  0.095921  ...  0.141267 -0.206010  0.502292  0.219422  0.215153   69.99   0

[5 rows x 31 columns]
2019-08-06 10:07:48,941 - app.lstm_model - INFO - build model success
2019-08-06 10:07:49,454 - app - INFO - Epoch0 loss is 10.058152647688985
2019-08-06 10:07:49,583 - app - INFO - F1 Score: 0.4992990186260765
2019-08-06 10:07:49,583 - app - INFO - Accuracy Score: 0.9972
2019-08-06 10:07:49,583 - app - INFO - Recall: 0.0
2019-08-06 10:07:49,583 - app - INFO - Precision: 0.0
2019-08-06 10:07:49,584 - app - INFO - Area Under PR Curve(AP): 0.0002
2019-08-06 10:07:49,586 - app - INFO - confusion_matrix: [[2493    6]
 [   1    0]]
2019-08-06 10:09:42,396 - app - INFO - config : {'author': 'kroos.chen', 'build_model': {'save_model': True, 'model_location': './ckpt/', 'time_step': 1, 'batch_size': 32, 'epochs': 5, 'num_classes': 1, 'num_feature': 29, 'learning_rate': 0.001, 'lstm_layers': [{'num_units': 256, 'keep_prob': 1}]}}
2019-08-06 10:09:44,114 - app - INFO - data.head(5) :     0         1         2         3         4         5         6   ...        24        25        26        27        28      29  30
0  0.0 -1.359807 -0.072781  2.536347  1.378155 -0.338321  0.462388  ...  0.066928  0.128539 -0.189115  0.133558 -0.021053  149.62   0
1  0.0  1.191857  0.266151  0.166480  0.448154  0.060018 -0.082361  ... -0.339846  0.167170  0.125895 -0.008983  0.014724    2.69   0
2  1.0 -1.358354 -1.340163  1.773209  0.379780 -0.503198  1.800499  ... -0.689281 -0.327642 -0.139097 -0.055353 -0.059752  378.66   0
3  1.0 -0.966272 -0.185226  1.792993 -0.863291 -0.010309  1.247203  ... -1.175575  0.647376 -0.221929  0.062723  0.061458  123.50   0
4  2.0 -1.158233  0.877737  1.548718  0.403034 -0.407193  0.095921  ...  0.141267 -0.206010  0.502292  0.219422  0.215153   69.99   0

[5 rows x 31 columns]
2019-08-06 10:09:44,635 - app.lstm_model - INFO - build model success
2019-08-06 10:09:54,569 - app - INFO - Epoch0 loss is 426.46204609305613
2019-08-06 10:10:04,304 - app - INFO - Epoch1 loss is 394.9022573558337
2019-08-06 10:10:14,020 - app - INFO - Epoch2 loss is 95.87374780005312
2019-08-06 10:10:23,743 - app - INFO - Epoch3 loss is 21.96400359465192
2019-08-06 10:10:33,504 - app - INFO - Epoch4 loss is 42.56403878562395
2019-08-06 10:10:34,507 - app - INFO - F1 Score: 0.6333910217720015
2019-08-06 10:10:34,507 - app - INFO - Accuracy Score: 0.9949
2019-08-06 10:10:34,507 - app - INFO - Recall: 0.5802469135802469
2019-08-06 10:10:34,507 - app - INFO - Precision: 0.17537313432835822
2019-08-06 10:10:34,516 - app - INFO - Area Under PR Curve(AP): 0.3781500239543025
2019-08-06 10:10:34,572 - app - INFO - confusion_matrix: [[99396   442]
 [   68    94]]
2019-08-06 10:13:47,737 - app - INFO - config : {'author': 'kroos.chen', 'build_model': {'save_model': True, 'model_location': './ckpt/', 'time_step': 1, 'batch_size': 32, 'epochs': 5, 'num_classes': 1, 'num_feature': 29, 'learning_rate': 0.001, 'lstm_layers': [{'num_units': 256, 'keep_prob': 1}]}}
2019-08-06 10:13:49,491 - app - INFO - data.head(5) :     0         1         2         3         4         5         6   ...        24        25        26        27        28      29  30
0  0.0 -1.359807 -0.072781  2.536347  1.378155 -0.338321  0.462388  ...  0.066928  0.128539 -0.189115  0.133558 -0.021053  149.62   0
1  0.0  1.191857  0.266151  0.166480  0.448154  0.060018 -0.082361  ... -0.339846  0.167170  0.125895 -0.008983  0.014724    2.69   0
2  1.0 -1.358354 -1.340163  1.773209  0.379780 -0.503198  1.800499  ... -0.689281 -0.327642 -0.139097 -0.055353 -0.059752  378.66   0
3  1.0 -0.966272 -0.185226  1.792993 -0.863291 -0.010309  1.247203  ... -1.175575  0.647376 -0.221929  0.062723  0.061458  123.50   0
4  2.0 -1.158233  0.877737  1.548718  0.403034 -0.407193  0.095921  ...  0.141267 -0.206010  0.502292  0.219422  0.215153   69.99   0

[5 rows x 31 columns]
2019-08-06 10:13:50,017 - app.lstm_model - INFO - build model success
2019-08-06 10:13:59,841 - app - INFO - Epoch0 loss is 457.774758049224
2019-08-06 10:14:09,442 - app - INFO - Epoch1 loss is 188.10963280488818
2019-08-06 10:14:18,962 - app - INFO - Epoch2 loss is 94.52004655536145
2019-08-06 10:14:28,961 - app - INFO - Epoch3 loss is 25.12511654475296
2019-08-06 10:14:38,726 - app - INFO - Epoch4 loss is 9.35434127460185
2019-08-06 10:14:39,745 - app - INFO - F1 Score: 0.6858268069287995
2019-08-06 10:14:39,745 - app - INFO - Accuracy Score: 0.99711
2019-08-06 10:14:39,745 - app - INFO - Recall: 0.5308641975308642
2019-08-06 10:14:39,745 - app - INFO - Precision: 0.28762541806020064
2019-08-06 10:14:39,754 - app - INFO - Area Under PR Curve(AP): 0.40962480779553245
2019-08-06 10:14:39,809 - app - INFO - confusion_matrix: [[99625   213]
 [   76    86]]
2019-08-06 10:19:17,702 - app - INFO - config : {'author': 'kroos.chen', 'build_model': {'save_model': True, 'model_location': './ckpt/', 'time_step': 1, 'batch_size': 32, 'epochs': 5, 'num_classes': 1, 'num_feature': 29, 'learning_rate': 0.001, 'lstm_layers': [{'num_units': 256, 'keep_prob': 1}, {'num_units': 256, 'keep_prob': 1}]}}
2019-08-06 10:19:19,439 - app - INFO - data.head(5) :     0         1         2         3         4         5         6   ...        24        25        26        27        28      29  30
0  0.0 -1.359807 -0.072781  2.536347  1.378155 -0.338321  0.462388  ...  0.066928  0.128539 -0.189115  0.133558 -0.021053  149.62   0
1  0.0  1.191857  0.266151  0.166480  0.448154  0.060018 -0.082361  ... -0.339846  0.167170  0.125895 -0.008983  0.014724    2.69   0
2  1.0 -1.358354 -1.340163  1.773209  0.379780 -0.503198  1.800499  ... -0.689281 -0.327642 -0.139097 -0.055353 -0.059752  378.66   0
3  1.0 -0.966272 -0.185226  1.792993 -0.863291 -0.010309  1.247203  ... -1.175575  0.647376 -0.221929  0.062723  0.061458  123.50   0
4  2.0 -1.158233  0.877737  1.548718  0.403034 -0.407193  0.095921  ...  0.141267 -0.206010  0.502292  0.219422  0.215153   69.99   0

[5 rows x 31 columns]
2019-08-06 10:19:20,315 - app.lstm_model - INFO - build model success
2019-08-06 10:19:39,649 - app - INFO - Epoch0 loss is 612.249262730939
2019-08-06 10:19:59,046 - app - INFO - Epoch1 loss is 117.4555128549511
2019-08-06 10:20:18,137 - app - INFO - Epoch2 loss is 24.008388596451976
2019-08-06 10:20:37,506 - app - INFO - Epoch3 loss is 153.37714511794155
2019-08-06 10:20:56,809 - app - INFO - Epoch4 loss is 80.8667487356758
2019-08-06 10:20:58,810 - app - INFO - F1 Score: 0.6823005208968661
2019-08-06 10:20:58,810 - app - INFO - Accuracy Score: 0.99861
2019-08-06 10:20:58,811 - app - INFO - Recall: 0.24691358024691357
2019-08-06 10:20:58,811 - app - INFO - Precision: 0.7017543859649122
2019-08-06 10:20:58,818 - app - INFO - Area Under PR Curve(AP): 0.47494398310591285
2019-08-06 10:20:58,876 - app - INFO - confusion_matrix: [[99821    17]
 [  122    40]]
